[debug] [2023-02-04T18:28:12.844Z] ----------------------------------------------------------------------
[debug] [2023-02-04T18:28:12.845Z] Command:       /usr/local/bin/node /usr/local/bin/firebase init
[debug] [2023-02-04T18:28:12.846Z] CLI Version:   11.22.0
[debug] [2023-02-04T18:28:12.846Z] Platform:      linux
[debug] [2023-02-04T18:28:12.846Z] Node Version:  v18.4.0
[debug] [2023-02-04T18:28:12.846Z] Time:          Sat Feb 04 2023 23:58:12 GMT+0530 (India Standard Time)
[debug] [2023-02-04T18:28:12.846Z] ----------------------------------------------------------------------
[debug] 
[debug] [2023-02-04T18:28:12.851Z] > command requires scopes: ["email","openid","https://www.googleapis.com/auth/cloudplatformprojects.readonly","https://www.googleapis.com/auth/firebase","https://www.googleapis.com/auth/cloud-platform"]
[debug] [2023-02-04T18:28:12.851Z] > authorizing via signed-in user (agarvit1142000@gmail.com)
[info] 
     ######## #### ########  ######## ########     ###     ######  ########
     ##        ##  ##     ## ##       ##     ##  ##   ##  ##       ##
     ######    ##  ########  ######   ########  #########  ######  ######
     ##        ##  ##    ##  ##       ##     ## ##     ##       ## ##
     ##       #### ##     ## ######## ########  ##     ##  ######  ########

You're about to initialize a Firebase project in this directory:

  /home/garvit/programming/hackathon-project

[info] 
=== Project Setup
[info] 
[info] First, let's associate this project directory with a Firebase project.
[info] You can create multiple project aliases by running firebase use --add, 
[info] but for now we'll just set up a default project.
[info] 
[debug] [2023-02-04T18:32:05.256Z] >>> [apiv2][query] GET https://firebase.googleapis.com/v1beta1/projects pageSize=100
[debug] [2023-02-04T18:32:06.553Z] <<< [apiv2][status] GET https://firebase.googleapis.com/v1beta1/projects 200
[debug] [2023-02-04T18:32:06.554Z] <<< [apiv2][body] GET https://firebase.googleapis.com/v1beta1/projects [omitted]
[info] i  Using project kontent-3d24f (Kontent) 
[info] 
=== Hosting Setup
[info] 
[info] Your public directory is the folder (relative to your project directory) that
[info] will contain Hosting assets to be uploaded with firebase deploy. If you
[info] have a build process for your assets, use your build's output directory.
[info] 
[info] âœ”  Wrote public/404.html 
[debug] [2023-02-04T18:32:44.716Z] >>> [apiv2][query] GET https://www.gstatic.com/firebasejs/releases.json [none]
[debug] [2023-02-04T18:32:45.036Z] <<< [apiv2][status] GET https://www.gstatic.com/firebasejs/releases.json 200
[debug] [2023-02-04T18:32:45.037Z] <<< [apiv2][body] GET https://www.gstatic.com/firebasejs/releases.json {"current":{"version":"9.17.1","browserURL":"https://www.gstatic.com/firebasejs/9.17.1/firebase.js","packageURL":"https://www.gstatic.com/firebasejs/9.17.1/firebase.tgz"},"live":{"version":"9.17","browserURL":"https://www.gstatic.com/firebasejs/live/9.17/firebase.js","packageURL":"https://www.gstatic.com/firebasejs/live/9.17/firebase.tgz"},"components":{"analytics":"https://www.gstatic.com/firebasejs/9.17.1/firebase-analytics.js","app":"https://www.gstatic.com/firebasejs/9.17.1/firebase-app.js","app-check":"https://www.gstatic.com/firebasejs/9.17.1/firebase-app-check.js","auth":"https://www.gstatic.com/firebasejs/9.17.1/firebase-auth.js","auth/cordova":"https://www.gstatic.com/firebasejs/9.17.1/firebase-auth/cordova.js","auth/react-native":"https://www.gstatic.com/firebasejs/9.17.1/firebase-auth/react-native.js","functions":"https://www.gstatic.com/firebasejs/9.17.1/firebase-functions.js","firestore":"https://www.gstatic.com/firebasejs/9.17.1/firebase-firestore.js","firestore/lite":"https://www.gstatic.com/firebasejs/9.17.1/firebase-firestore/lite.js","installations":"https://www.gstatic.com/firebasejs/9.17.1/firebase-installations.js","storage":"https://www.gstatic.com/firebasejs/9.17.1/firebase-storage.js","performance":"https://www.gstatic.com/firebasejs/9.17.1/firebase-performance.js","remote-config":"https://www.gstatic.com/firebasejs/9.17.1/firebase-remote-config.js","messaging":"https://www.gstatic.com/firebasejs/9.17.1/firebase-messaging.js","messaging/sw":"https://www.gstatic.com/firebasejs/9.17.1/firebase-messaging/sw.js","database":"https://www.gstatic.com/firebasejs/9.17.1/firebase-database.js","firestore.memory":"https://www.gstatic.com/firebasejs/9.17.1/firebase-firestore.memory.js"}}
[info] âœ”  Wrote public/index.html 
[info] 
[info] i  Detected a .git folder at /home/garvit/programming/hackathon-project 
[info] i  Authorizing with GitHub to upload your service account to a GitHub repository's secrets store. 
[info] 
[info] Visit this URL on this device to log in:
[info] https://github.com/login/oauth/authorize?client_id=89cf50f02ac6aaed3484&state=388100022&redirect_uri=http%3A%2F%2Flocalhost%3A9005&scope=read%3Auser%20repo%20public_repo
[info] 
[info] Waiting for authentication...
[debug] [2023-02-04T18:33:07.941Z] >>> [apiv2][query] POST https://github.com/login/oauth/access_token [none]
[debug] [2023-02-04T18:33:07.941Z] >>> [apiv2][body] POST https://github.com/login/oauth/access_token [stream]
[debug] [2023-02-04T18:33:08.535Z] <<< [apiv2][status] POST https://github.com/login/oauth/access_token 200
[debug] [2023-02-04T18:33:08.536Z] <<< [apiv2][body] POST https://github.com/login/oauth/access_token {"access_token":"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","token_type":"bearer","scope":"read:user,repo"}
[debug] [2023-02-04T18:33:08.562Z] >>> [apiv2][query] GET https://api.github.com/user [none]
[debug] [2023-02-04T18:33:09.130Z] <<< [apiv2][status] GET https://api.github.com/user 200
[debug] [2023-02-04T18:33:09.131Z] <<< [apiv2][body] GET https://api.github.com/user {"login":"aroragarvit","id":80094507,"node_id":"MDQ6VXNlcjgwMDk0NTA3","avatar_url":"https://avatars.githubusercontent.com/u/80094507?v=4","gravatar_id":"","url":"https://api.github.com/users/aroragarvit","html_url":"https://github.com/aroragarvit","followers_url":"https://api.github.com/users/aroragarvit/followers","following_url":"https://api.github.com/users/aroragarvit/following{/other_user}","gists_url":"https://api.github.com/users/aroragarvit/gists{/gist_id}","starred_url":"https://api.github.com/users/aroragarvit/starred{/owner}{/repo}","subscriptions_url":"https://api.github.com/users/aroragarvit/subscriptions","organizations_url":"https://api.github.com/users/aroragarvit/orgs","repos_url":"https://api.github.com/users/aroragarvit/repos","events_url":"https://api.github.com/users/aroragarvit/events{/privacy}","received_events_url":"https://api.github.com/users/aroragarvit/received_events","type":"User","site_admin":false,"name":"Garvit Arora","company":null,"blog":"","location":null,"email":"agarvit1142000@gmail.com","hireable":null,"bio":"Python and javascript enthusiast , currently working on  machine learning ,  deep learning and  Dapps , \r\nLoves building and Happy to contribute ðŸ˜ðŸ™ƒ","twitter_username":null,"public_repos":28,"public_gists":0,"followers":10,"following":10,"created_at":"2021-03-05T08:21:51Z","updated_at":"2023-01-10T13:44:00Z","private_gists":0,"total_private_repos":2,"owned_private_repos":2,"disk_usage":95826,"collaborators":0,"two_factor_authentication":false,"plan":{"name":"pro","space":976562499,"collaborators":0,"private_repos":9999}}
[info] 
[info] âœ”  Success! Logged into GitHub as aroragarvit 
[info] 
[debug] [2023-02-04T18:50:29.270Z] >>> [apiv2][query] GET https://api.github.com/repos/aroragarvit/kontent/actions/secrets/public-key type=owner
[debug] [2023-02-04T18:50:29.834Z] <<< [apiv2][status] GET https://api.github.com/repos/aroragarvit/kontent/actions/secrets/public-key 401
[debug] [2023-02-04T18:50:29.834Z] <<< [apiv2][body] GET https://api.github.com/repos/aroragarvit/kontent/actions/secrets/public-key {"message":"Bad credentials","documentation_url":"https://docs.github.com/rest"}
[debug] [2023-02-04T18:50:31.381Z] >>> [apiv2][query] GET https://api.github.com/repos/aroragarvit/kontent/actions/secrets/public-key type=owner
[debug] [2023-02-04T18:50:31.897Z] <<< [apiv2][status] GET https://api.github.com/repos/aroragarvit/kontent/actions/secrets/public-key 401
[debug] [2023-02-04T18:50:31.897Z] <<< [apiv2][body] GET https://api.github.com/repos/aroragarvit/kontent/actions/secrets/public-key {"message":"Bad credentials","documentation_url":"https://docs.github.com/rest"}
[debug] [2023-02-04T18:50:33.843Z] >>> [apiv2][query] GET https://api.github.com/repos/aroragarvit/kontent/actions/secrets/public-key type=owner
[debug] [2023-02-04T18:50:34.316Z] <<< [apiv2][status] GET https://api.github.com/repos/aroragarvit/kontent/actions/secrets/public-key 401
[debug] [2023-02-04T18:50:34.317Z] <<< [apiv2][body] GET https://api.github.com/repos/aroragarvit/kontent/actions/secrets/public-key {"message":"Bad credentials","documentation_url":"https://docs.github.com/rest"}
[debug] [2023-02-04T18:50:34.501Z] >>> [apiv2][query] GET https://api.github.com/repos/aroragarvit/kontent/actions/secrets/public-key type=owner
[debug] [2023-02-04T18:50:35.041Z] <<< [apiv2][status] GET https://api.github.com/repos/aroragarvit/kontent/actions/secrets/public-key 401
[debug] [2023-02-04T18:50:35.041Z] <<< [apiv2][body] GET https://api.github.com/repos/aroragarvit/kontent/actions/secrets/public-key {"message":"Bad credentials","documentation_url":"https://docs.github.com/rest"}
[debug] [2023-02-04T18:52:36.464Z] >>> [apiv2][query] GET https://api.github.com/repos/aroragarvit/hackathon-project/actions/secrets/public-key type=owner
[debug] [2023-02-04T18:52:37.066Z] <<< [apiv2][status] GET https://api.github.com/repos/aroragarvit/hackathon-project/actions/secrets/public-key 401
[debug] [2023-02-04T18:52:37.066Z] <<< [apiv2][body] GET https://api.github.com/repos/aroragarvit/hackathon-project/actions/secrets/public-key {"message":"Bad credentials","documentation_url":"https://docs.github.com/rest"}
[debug] [2023-02-04T18:52:37.669Z] >>> [apiv2][query] GET https://api.github.com/repos/aroragarvit/hackathon-project/actions/secrets/public-key type=owner
[debug] [2023-02-04T18:52:38.168Z] >>> [apiv2][query] GET https://api.github.com/repos//actions/secrets/public-key type=owner
[debug] [2023-02-04T18:52:38.190Z] <<< [apiv2][status] GET https://api.github.com/repos/aroragarvit/hackathon-project/actions/secrets/public-key 401
[debug] [2023-02-04T18:52:38.191Z] <<< [apiv2][body] GET https://api.github.com/repos/aroragarvit/hackathon-project/actions/secrets/public-key {"message":"Bad credentials","documentation_url":"https://docs.github.com/rest"}
[debug] [2023-02-04T18:52:38.200Z] >>> [apiv2][query] GET https://api.github.com/repos/aroragarvit/hackathon-project/actions/secrets/public-key type=owner
[debug] [2023-02-04T18:52:38.229Z] >>> [apiv2][query] GET https://api.github.com/repos//actions/secrets/public-key type=owner
[debug] [2023-02-04T18:52:38.259Z] >>> [apiv2][query] GET https://api.github.com/repos//actions/secrets/public-key type=owner
[debug] [2023-02-04T18:52:38.289Z] >>> [apiv2][query] GET https://api.github.com/repos//actions/secrets/public-key type=owner
[debug] [2023-02-04T18:52:38.320Z] >>> [apiv2][query] GET https://api.github.com/repos//actions/secrets/public-key type=owner
[debug] [2023-02-04T18:52:38.353Z] >>> [apiv2][query] GET https://api.github.com/repos//actions/secrets/public-key type=owner
[debug] [2023-02-04T18:52:38.381Z] >>> [apiv2][query] GET https://api.github.com/repos//actions/secrets/public-key type=owner
[debug] [2023-02-04T18:52:38.422Z] >>> [apiv2][query] GET https://api.github.com/repos//actions/secrets/public-key type=owner
[debug] [2023-02-04T18:52:38.446Z] >>> [apiv2][query] GET https://api.github.com/repos//actions/secrets/public-key type=owner
[debug] [2023-02-04T18:52:38.557Z] >>> [apiv2][query] GET https://api.github.com/repos//actions/secrets/public-key type=owner
[debug] [2023-02-04T18:52:38.665Z] <<< [apiv2][status] GET https://api.github.com/repos//actions/secrets/public-key 401
[debug] [2023-02-04T18:52:38.665Z] <<< [apiv2][body] GET https://api.github.com/repos//actions/secrets/public-key {"message":"Bad credentials","documentation_url":"https://docs.github.com/rest"}
[debug] [2023-02-04T18:52:38.708Z] <<< [apiv2][status] GET https://api.github.com/repos/aroragarvit/hackathon-project/actions/secrets/public-key 401
[debug] [2023-02-04T18:52:38.708Z] <<< [apiv2][body] GET https://api.github.com/repos/aroragarvit/hackathon-project/actions/secrets/public-key {"message":"Bad credentials","documentation_url":"https://docs.github.com/rest"}
[debug] [2023-02-04T18:52:38.725Z] <<< [apiv2][status] GET https://api.github.com/repos//actions/secrets/public-key 401
[debug] [2023-02-04T18:52:38.726Z] <<< [apiv2][body] GET https://api.github.com/repos//actions/secrets/public-key {"message":"Bad credentials","documentation_url":"https://docs.github.com/rest"}
[debug] [2023-02-04T18:52:38.734Z] >>> [apiv2][query] GET https://api.github.com/repos/aroragarvit/hackathon-project/actions/secrets/public-key type=owner
[debug] [2023-02-04T18:52:38.785Z] <<< [apiv2][status] GET https://api.github.com/repos//actions/secrets/public-key 401
[debug] [2023-02-04T18:52:38.785Z] <<< [apiv2][body] GET https://api.github.com/repos//actions/secrets/public-key {"message":"Bad credentials","documentation_url":"https://docs.github.com/rest"}
[debug] [2023-02-04T18:52:38.789Z] <<< [apiv2][status] GET https://api.github.com/repos//actions/secrets/public-key 401
[debug] [2023-02-04T18:52:38.789Z] <<< [apiv2][body] GET https://api.github.com/repos//actions/secrets/public-key {"message":"Bad credentials","documentation_url":"https://docs.github.com/rest"}
[debug] [2023-02-04T18:52:38.870Z] >>> [apiv2][query] GET https://api.github.com/repos//actions/secrets/public-key type=owner
[debug] [2023-02-04T18:52:39.012Z] >>> [apiv2][query] GET https://api.github.com/repos//actions/secrets/public-key type=owner
[debug] [2023-02-04T18:52:39.030Z] <<< [apiv2][status] GET https://api.github.com/repos//actions/secrets/public-key 401
[debug] [2023-02-04T18:52:39.030Z] <<< [apiv2][body] GET https://api.github.com/repos//actions/secrets/public-key {"message":"Bad credentials","documentation_url":"https://docs.github.com/rest"}
[debug] [2023-02-04T18:52:39.033Z] <<< [apiv2][status] GET https://api.github.com/repos//actions/secrets/public-key 401
[debug] [2023-02-04T18:52:39.034Z] <<< [apiv2][body] GET https://api.github.com/repos//actions/secrets/public-key {"message":"Bad credentials","documentation_url":"https://docs.github.com/rest"}
[debug] [2023-02-04T18:52:39.052Z] <<< [apiv2][status] GET https://api.github.com/repos//actions/secrets/public-key 401
[debug] [2023-02-04T18:52:39.053Z] <<< [apiv2][body] GET https://api.github.com/repos//actions/secrets/public-key {"message":"Bad credentials","documentation_url":"https://docs.github.com/rest"}
[debug] [2023-02-04T18:52:39.057Z] <<< [apiv2][status] GET https://api.github.com/repos//actions/secrets/public-key 401
[debug] [2023-02-04T18:52:39.057Z] <<< [apiv2][body] GET https://api.github.com/repos//actions/secrets/public-key {"message":"Bad credentials","documentation_url":"https://docs.github.com/rest"}
[debug] [2023-02-04T18:52:39.061Z] <<< [apiv2][status] GET https://api.github.com/repos//actions/secrets/public-key 401
[debug] [2023-02-04T18:52:39.061Z] <<< [apiv2][body] GET https://api.github.com/repos//actions/secrets/public-key {"message":"Bad credentials","documentation_url":"https://docs.github.com/rest"}
[debug] [2023-02-04T18:52:39.167Z] >>> [apiv2][query] GET https://api.github.com/repos//actions/secrets/public-key type=owner
[debug] [2023-02-04T18:52:39.179Z] <<< [apiv2][status] GET https://api.github.com/repos//actions/secrets/public-key 401
[debug] [2023-02-04T18:52:39.179Z] <<< [apiv2][body] GET https://api.github.com/repos//actions/secrets/public-key {"message":"Bad credentials","documentation_url":"https://docs.github.com/rest"}
[debug] [2023-02-04T18:52:39.425Z] <<< [apiv2][status] GET https://api.github.com/repos/aroragarvit/hackathon-project/actions/secrets/public-key 401
[debug] [2023-02-04T18:52:39.425Z] <<< [apiv2][body] GET https://api.github.com/repos/aroragarvit/hackathon-project/actions/secrets/public-key {"message":"Bad credentials","documentation_url":"https://docs.github.com/rest"}
[debug] [2023-02-04T18:52:39.504Z] <<< [apiv2][status] GET https://api.github.com/repos//actions/secrets/public-key 401
[debug] [2023-02-04T18:52:39.505Z] <<< [apiv2][body] GET https://api.github.com/repos//actions/secrets/public-key {"message":"Bad credentials","documentation_url":"https://docs.github.com/rest"}
[debug] [2023-02-04T18:52:39.509Z] <<< [apiv2][status] GET https://api.github.com/repos//actions/secrets/public-key 401
[debug] [2023-02-04T18:52:39.510Z] <<< [apiv2][body] GET https://api.github.com/repos//actions/secrets/public-key {"message":"Bad credentials","documentation_url":"https://docs.github.com/rest"}
[debug] [2023-02-04T18:52:39.826Z] <<< [apiv2][status] GET https://api.github.com/repos//actions/secrets/public-key 401
[debug] [2023-02-04T18:52:39.827Z] <<< [apiv2][body] GET https://api.github.com/repos//actions/secrets/public-key {"message":"Bad credentials","documentation_url":"https://docs.github.com/rest"}
